2025-03-26 18:45:20,069 INFO o.a.j.u.JMeterUtils: Setting Locale to en_US
2025-03-26 18:45:20,090 INFO o.a.j.JMeter: Loading user properties from: user.properties
2025-03-26 18:45:20,091 INFO o.a.j.JMeter: Loading system properties from: system.properties
2025-03-26 18:45:20,097 INFO o.a.j.JMeter: Copyright (c) 1998-2024 The Apache Software Foundation
2025-03-26 18:45:20,098 INFO o.a.j.JMeter: Version 5.6.3
2025-03-26 18:45:20,098 INFO o.a.j.JMeter: java.version=24
2025-03-26 18:45:20,098 INFO o.a.j.JMeter: java.vm.name=Java HotSpot(TM) 64-Bit Server VM
2025-03-26 18:45:20,098 INFO o.a.j.JMeter: os.name=Mac OS X
2025-03-26 18:45:20,098 INFO o.a.j.JMeter: os.arch=x86_64
2025-03-26 18:45:20,098 INFO o.a.j.JMeter: os.version=11.4
2025-03-26 18:45:20,098 INFO o.a.j.JMeter: file.encoding=UTF-8
2025-03-26 18:45:20,098 INFO o.a.j.JMeter: java.awt.headless=null
2025-03-26 18:45:20,098 INFO o.a.j.JMeter: Max memory     =4294967296
2025-03-26 18:45:20,098 INFO o.a.j.JMeter: Available Processors =8
2025-03-26 18:45:20,109 INFO o.a.j.JMeter: Default Locale=English (United States)
2025-03-26 18:45:20,109 INFO o.a.j.JMeter: JMeter  Locale=English (United States)
2025-03-26 18:45:20,109 INFO o.a.j.JMeter: JMeterHome=/Users/admin/Downloads/apache-jmeter-5.6.3 2
2025-03-26 18:45:20,109 INFO o.a.j.JMeter: user.dir  =/Users/admin/Downloads/apache-jmeter-5.6.3 2/bin
2025-03-26 18:45:20,110 INFO o.a.j.JMeter: PWD       =/Users/admin/Downloads/apache-jmeter-5.6.3 2/bin
2025-03-26 18:45:20,145 INFO o.a.j.JMeter: IP: 192.168.1.213 Name: admins-MBP.lan FullName: admins-mbp.lan
2025-03-26 18:45:20,165 INFO o.a.j.JMeter: Loaded icon properties from org/apache/jmeter/images/icon.properties
2025-03-26 18:45:20,569 INFO o.a.j.JMeterGuiLauncher: Setting LAF to: com.github.weisj.darklaf.DarkLaf:com.github.weisj.darklaf.theme.DarculaTheme
